
person_app: PANIC: illegal opcode ...

person_app: system execution failed.
Following is the set of recorded exceptions.
NB: The raised panic may have induced completely inconsistent information:

-------------------------------------------------------------------------------
Class / Object      Routine                Nature of exception           Effect
-------------------------------------------------------------------------------
EWF_PERSON          root's creation        illegal opcode:              
<0000000002BC05A8>                         Eiffel run-time panic.        Bye
-------------------------------------------------------------------------------

person_app: dumping core to generate debugging information...

person_app: PANIC: illegal opcode ...

person_app: system execution failed.
Following is the set of recorded exceptions.
NB: The raised panic may have induced completely inconsistent information:

-------------------------------------------------------------------------------
Class / Object      Routine                Nature of exception           Effect
-------------------------------------------------------------------------------
EWF_PERSON          root's creation        illegal opcode:              
<00000000029005A8>                         Eiffel run-time panic.        Bye
-------------------------------------------------------------------------------

person_app: dumping core to generate debugging information...
